<?xml version="1.0" encoding="UTF-8"?>
<testsuite xmlns:xsi="http://www.w3.org/2001/XMLSchema-instance" xsi:schemaLocation="https://maven.apache.org/surefire/maven-surefire-plugin/xsd/surefire-test-report.xsd" name="receita.CozinhaTest" time="0.009" tests="2" errors="0" skipped="0" failures="0">
  <properties>
[...]
</properties>
  <testcase name="testaSeReceitaEPastel" classname="receita.CozinhaTest" time="0.006"/>
  <testcase name="testaSeReceitaEBolo" classname="receita.CozinhaTest" time="0.008"/>
</testsuite>